0 info it worked if it ends with ok
1 verbose cli [ '/Users/manuel/.nvm/versions/node/v6.4.0/bin/node',
1 verbose cli   '/Users/manuel/.nvm/versions/node/v6.4.0/bin/npm',
1 verbose cli   'start' ]
2 info using npm@3.10.3
3 info using node@v6.4.0
4 verbose run-script [ 'prestart', 'start', 'poststart' ]
5 info lifecycle project_name@0.0.0~prestart: project_name@0.0.0
6 silly lifecycle project_name@0.0.0~prestart: no script for prestart, continuing
7 info lifecycle project_name@0.0.0~start: project_name@0.0.0
8 verbose lifecycle project_name@0.0.0~start: unsafe-perm in lifecycle true
9 verbose lifecycle project_name@0.0.0~start: PATH: /Users/manuel/.nvm/versions/node/v6.4.0/lib/node_modules/npm/bin/node-gyp-bin:/Users/manuel/Code/Projects/AngularServe/node_modules/.bin:/Users/manuel/.nvm/versions/node/v6.4.0/bin:/Users/manuel/Documents/android-sdk-macosx/tools:/Users/manuel/Documents/android-sdk-macosx/platform-tools:/Users/manuel/.nvm/versions/node/v6.4.0/bin:/usr/local/bin:/usr/bin:/bin:/usr/sbin:/sbin:/usr/local/go/bin
10 verbose lifecycle project_name@0.0.0~start: CWD: /Users/manuel/Code/Projects/AngularServe
11 silly lifecycle project_name@0.0.0~start: Args: [ '-c', 'node server.js' ]
12 silly lifecycle project_name@0.0.0~start: Returned: code: 1  signal: null
13 info lifecycle project_name@0.0.0~start: Failed to exec start script
14 verbose stack Error: project_name@0.0.0 start: `node server.js`
14 verbose stack Exit status 1
14 verbose stack     at EventEmitter.<anonymous> (/Users/manuel/.nvm/versions/node/v6.4.0/lib/node_modules/npm/lib/utils/lifecycle.js:242:16)
14 verbose stack     at emitTwo (events.js:106:13)
14 verbose stack     at EventEmitter.emit (events.js:191:7)
14 verbose stack     at ChildProcess.<anonymous> (/Users/manuel/.nvm/versions/node/v6.4.0/lib/node_modules/npm/lib/utils/spawn.js:40:14)
14 verbose stack     at emitTwo (events.js:106:13)
14 verbose stack     at ChildProcess.emit (events.js:191:7)
14 verbose stack     at maybeClose (internal/child_process.js:852:16)
14 verbose stack     at Process.ChildProcess._handle.onexit (internal/child_process.js:215:5)
15 verbose pkgid project_name@0.0.0
16 verbose cwd /Users/manuel/Code/Projects/AngularServe
17 error Darwin 15.6.0
18 error argv "/Users/manuel/.nvm/versions/node/v6.4.0/bin/node" "/Users/manuel/.nvm/versions/node/v6.4.0/bin/npm" "start"
19 error node v6.4.0
20 error npm  v3.10.3
21 error code ELIFECYCLE
22 error project_name@0.0.0 start: `node server.js`
22 error Exit status 1
23 error Failed at the project_name@0.0.0 start script 'node server.js'.
23 error Make sure you have the latest version of node.js and npm installed.
23 error If you do, this is most likely a problem with the project_name package,
23 error not with npm itself.
23 error Tell the author that this fails on your system:
23 error     node server.js
23 error You can get information on how to open an issue for this project with:
23 error     npm bugs project_name
23 error Or if that isn't available, you can get their info via:
23 error     npm owner ls project_name
23 error There is likely additional logging output above.
24 verbose exit [ 1, true ]
